::1 - - [29/Aug/2025:14:47:04 +0200] "GET / HTTP/1.1" 200 1037
::1 - - [29/Aug/2025:14:47:04 +0200] "GET /CSS/prism_wit.css HTTP/1.1" 200 3171
::1 - - [29/Aug/2025:14:47:04 +0200] "GET /JS/prism.js HTTP/1.1" 200 13274
::1 - - [29/Aug/2025:14:47:04 +0200] "GET /CSS/games.css HTTP/1.1" 200 1558
::1 - - [29/Aug/2025:14:47:04 +0200] "GET /JS/SLOBF.js HTTP/1.1" 200 2895
::1 - - [29/Aug/2025:14:47:04 +0200] "GET /JS/P5/p5.min.js HTTP/1.1" 200 623012
::1 - - [29/Aug/2025:14:47:04 +0200] "GET /favicon.ico HTTP/1.1" 200 1150
::1 - - [29/Aug/2025:14:47:29 +0200] "GET / HTTP/1.1" 200 1037
::1 - - [29/Aug/2025:14:47:29 +0200] "GET /CSS/prism_wit.css HTTP/1.1" 200 3171
::1 - - [29/Aug/2025:14:47:29 +0200] "GET /JS/prism.js HTTP/1.1" 200 13274
::1 - - [29/Aug/2025:14:47:29 +0200] "GET /JS/SLOBF.js HTTP/1.1" 200 7149
::1 - - [29/Aug/2025:14:47:29 +0200] "GET /CSS/games.css HTTP/1.1" 200 1558
::1 - - [29/Aug/2025:14:47:29 +0200] "GET /JS/P5/p5.min.js HTTP/1.1" 200 623012
::1 - - [29/Aug/2025:14:47:29 +0200] "GET /favicon.ico HTTP/1.1" 200 1150
::1 - - [29/Aug/2025:14:47:44 +0200] "GET / HTTP/1.1" 200 1037
::1 - - [29/Aug/2025:14:47:44 +0200] "GET /CSS/prism_wit.css HTTP/1.1" 200 3171
::1 - - [29/Aug/2025:14:47:44 +0200] "GET /JS/SLOBF.js HTTP/1.1" 200 15142
::1 - - [29/Aug/2025:14:47:44 +0200] "GET /JS/prism.js HTTP/1.1" 200 13274
::1 - - [29/Aug/2025:14:47:44 +0200] "GET /CSS/games.css HTTP/1.1" 200 1558
::1 - - [29/Aug/2025:14:47:44 +0200] "GET /JS/P5/p5.min.js HTTP/1.1" 200 623012
::1 - - [29/Aug/2025:14:47:44 +0200] "GET /JS/H1/H1O08.js HTTP/1.1" 200 792
::1 - - [29/Aug/2025:14:47:44 +0200] "GET /JS/H1/H1O08.js HTTP/1.1" 200 792
::1 - - [29/Aug/2025:14:47:44 +0200] "GET /favicon.ico HTTP/1.1" 200 1150
::1 - - [29/Aug/2025:14:48:08 +0200] "GET / HTTP/1.1" 200 1037
::1 - - [29/Aug/2025:14:48:08 +0200] "GET /CSS/prism_wit.css HTTP/1.1" 200 3171
::1 - - [29/Aug/2025:14:48:08 +0200] "GET /JS/prism.js HTTP/1.1" 200 13274
::1 - - [29/Aug/2025:14:48:08 +0200] "GET /CSS/games.css HTTP/1.1" 200 1558
::1 - - [29/Aug/2025:14:48:08 +0200] "GET /JS/SLOBF.js HTTP/1.1" 200 7211
::1 - - [29/Aug/2025:14:48:08 +0200] "GET /JS/P5/p5.min.js HTTP/1.1" 200 623012
::1 - - [29/Aug/2025:14:48:08 +0200] "GET /favicon.ico HTTP/1.1" 200 1150
